This is pdfTeX, Version 3.1415926-2.5-1.40.14 (TeX Live 2013/Debian) (format=pdflatex 2016.12.12)  12 APR 2017 14:20
entering extended mode
 restricted \write18 enabled.
 %&-line parsing enabled.
**report.tex
(./report.tex
LaTeX2e <2011/06/27>
Babel <3.9h> and hyphenation patterns for 78 languages loaded.
(/usr/share/texlive/texmf-dist/tex/latex/base/article.cls
Document Class: article 2007/10/19 v1.4h Standard LaTeX document class
(/usr/share/texlive/texmf-dist/tex/latex/base/size10.clo
File: size10.clo 2007/10/19 v1.4h Standard LaTeX file (size option)
)
\c@part=\count79
\c@section=\count80
\c@subsection=\count81
\c@subsubsection=\count82
\c@paragraph=\count83
\c@subparagraph=\count84
\c@figure=\count85
\c@table=\count86
\abovecaptionskip=\skip41
\belowcaptionskip=\skip42
\bibindent=\dimen102
)
(/usr/share/texlive/texmf-dist/tex/latex/geometry/geometry.sty
Package: geometry 2010/09/12 v5.6 Page Geometry

(/usr/share/texlive/texmf-dist/tex/latex/graphics/keyval.sty
Package: keyval 1999/03/16 v1.13 key=value parser (DPC)
\KV@toks@=\toks14
)
(/usr/share/texlive/texmf-dist/tex/generic/oberdiek/ifpdf.sty
Package: ifpdf 2011/01/30 v2.3 Provides the ifpdf switch (HO)
Package ifpdf Info: pdfTeX in PDF mode is detected.
)
(/usr/share/texlive/texmf-dist/tex/generic/oberdiek/ifvtex.sty
Package: ifvtex 2010/03/01 v1.5 Detect VTeX and its facilities (HO)
Package ifvtex Info: VTeX not detected.
)
(/usr/share/texlive/texmf-dist/tex/generic/ifxetex/ifxetex.sty
Package: ifxetex 2010/09/12 v0.6 Provides ifxetex conditional
)
\Gm@cnth=\count87
\Gm@cntv=\count88
\c@Gm@tempcnt=\count89
\Gm@bindingoffset=\dimen103
\Gm@wd@mp=\dimen104
\Gm@odd@mp=\dimen105
\Gm@even@mp=\dimen106
\Gm@layoutwidth=\dimen107
\Gm@layoutheight=\dimen108
\Gm@layouthoffset=\dimen109
\Gm@layoutvoffset=\dimen110
\Gm@dimlist=\toks15
)
(/usr/share/texlive/texmf-dist/tex/latex/amsfonts/amssymb.sty
Package: amssymb 2013/01/14 v3.01 AMS font symbols

(/usr/share/texlive/texmf-dist/tex/latex/amsfonts/amsfonts.sty
Package: amsfonts 2013/01/14 v3.01 Basic AMSFonts support
\@emptytoks=\toks16
\symAMSa=\mathgroup4
\symAMSb=\mathgroup5
LaTeX Font Info:    Overwriting math alphabet `\mathfrak' in version `bold'
(Font)                  U/euf/m/n --> U/euf/b/n on input line 106.
))
(/usr/share/texlive/texmf-dist/tex/latex/filecontents/filecontents.sty
Package: filecontents 2011/10/08 v1.3 Create an external file from within a LaT
eX document
)
(/usr/share/texlive/texmf-dist/tex/latex/hyperref/hyperref.sty
Package: hyperref 2012/11/06 v6.83m Hypertext links for LaTeX

(/usr/share/texlive/texmf-dist/tex/generic/oberdiek/hobsub-hyperref.sty
Package: hobsub-hyperref 2012/05/28 v1.13 Bundle oberdiek, subset hyperref (HO)


(/usr/share/texlive/texmf-dist/tex/generic/oberdiek/hobsub-generic.sty
Package: hobsub-generic 2012/05/28 v1.13 Bundle oberdiek, subset generic (HO)
Package: hobsub 2012/05/28 v1.13 Construct package bundles (HO)
Package: infwarerr 2010/04/08 v1.3 Providing info/warning/error messages (HO)
Package: ltxcmds 2011/11/09 v1.22 LaTeX kernel commands for general use (HO)
Package: ifluatex 2010/03/01 v1.3 Provides the ifluatex switch (HO)
Package ifluatex Info: LuaTeX not detected.
Package hobsub Info: Skipping package `ifvtex' (already loaded).
Package: intcalc 2007/09/27 v1.1 Expandable calculations with integers (HO)
Package hobsub Info: Skipping package `ifpdf' (already loaded).
Package: etexcmds 2011/02/16 v1.5 Avoid name clashes with e-TeX commands (HO)
Package etexcmds Info: Could not find \expanded.
(etexcmds)             That can mean that you are not using pdfTeX 1.50 or
(etexcmds)             that some package has redefined \expanded.
(etexcmds)             In the latter case, load this package earlier.
Package: kvsetkeys 2012/04/25 v1.16 Key value parser (HO)
Package: kvdefinekeys 2011/04/07 v1.3 Define keys (HO)
Package: pdftexcmds 2011/11/29 v0.20 Utility functions of pdfTeX for LuaTeX (HO
)
Package pdftexcmds Info: LuaTeX not detected.
Package pdftexcmds Info: \pdf@primitive is available.
Package pdftexcmds Info: \pdf@ifprimitive is available.
Package pdftexcmds Info: \pdfdraftmode found.
Package: pdfescape 2011/11/25 v1.13 Implements pdfTeX's escape features (HO)
Package: bigintcalc 2012/04/08 v1.3 Expandable calculations on big integers (HO
)
Package: bitset 2011/01/30 v1.1 Handle bit-vector datatype (HO)
Package: uniquecounter 2011/01/30 v1.2 Provide unlimited unique counter (HO)
)
Package hobsub Info: Skipping package `hobsub' (already loaded).
Package: letltxmacro 2010/09/02 v1.4 Let assignment for LaTeX macros (HO)
Package: hopatch 2012/05/28 v1.2 Wrapper for package hooks (HO)
Package: xcolor-patch 2011/01/30 xcolor patch
Package: atveryend 2011/06/30 v1.8 Hooks at the very end of document (HO)
Package atveryend Info: \enddocument detected (standard20110627).
Package: atbegshi 2011/10/05 v1.16 At begin shipout hook (HO)
Package: refcount 2011/10/16 v3.4 Data extraction from label references (HO)
Package: hycolor 2011/01/30 v1.7 Color options for hyperref/bookmark (HO)
)
(/usr/share/texlive/texmf-dist/tex/latex/oberdiek/auxhook.sty
Package: auxhook 2011/03/04 v1.3 Hooks for auxiliary files (HO)
)
(/usr/share/texlive/texmf-dist/tex/latex/oberdiek/kvoptions.sty
Package: kvoptions 2011/06/30 v3.11 Key value format for package options (HO)
)
\@linkdim=\dimen111
\Hy@linkcounter=\count90
\Hy@pagecounter=\count91

(/usr/share/texlive/texmf-dist/tex/latex/hyperref/pd1enc.def
File: pd1enc.def 2012/11/06 v6.83m Hyperref: PDFDocEncoding definition (HO)
)
\Hy@SavedSpaceFactor=\count92

(/usr/share/texlive/texmf-dist/tex/latex/latexconfig/hyperref.cfg
File: hyperref.cfg 2002/06/06 v1.2 hyperref configuration of TeXLive
)
Package hyperref Info: Hyper figures OFF on input line 4443.
Package hyperref Info: Link nesting OFF on input line 4448.
Package hyperref Info: Hyper index ON on input line 4451.
Package hyperref Info: Plain pages OFF on input line 4458.
Package hyperref Info: Backreferencing OFF on input line 4463.
Package hyperref Info: Implicit mode ON; LaTeX internals redefined.
Package hyperref Info: Bookmarks ON on input line 4688.
\c@Hy@tempcnt=\count93

(/usr/share/texlive/texmf-dist/tex/latex/url/url.sty
\Urlmuskip=\muskip10
Package: url 2013/09/16  ver 3.4  Verb mode for urls, etc.
)
LaTeX Info: Redefining \url on input line 5041.
\XeTeXLinkMargin=\dimen112
\Fld@menulength=\count94
\Field@Width=\dimen113
\Fld@charsize=\dimen114
Package hyperref Info: Hyper figures OFF on input line 6295.
Package hyperref Info: Link nesting OFF on input line 6300.
Package hyperref Info: Hyper index ON on input line 6303.
Package hyperref Info: backreferencing OFF on input line 6310.
Package hyperref Info: Link coloring OFF on input line 6315.
Package hyperref Info: Link coloring with OCG OFF on input line 6320.
Package hyperref Info: PDF/A mode OFF on input line 6325.
LaTeX Info: Redefining \ref on input line 6365.
LaTeX Info: Redefining \pageref on input line 6369.
\Hy@abspage=\count95
\c@Item=\count96
\c@Hfootnote=\count97
)

Package hyperref Message: Driver (autodetected): hpdftex.

(/usr/share/texlive/texmf-dist/tex/latex/hyperref/hpdftex.def
File: hpdftex.def 2012/11/06 v6.83m Hyperref driver for pdfTeX
\Fld@listcount=\count98
\c@bookmark@seq@number=\count99

(/usr/share/texlive/texmf-dist/tex/latex/oberdiek/rerunfilecheck.sty
Package: rerunfilecheck 2011/04/15 v1.7 Rerun checks for auxiliary files (HO)
Package uniquecounter Info: New unique counter `rerunfilecheck' on input line 2
82.
)
\Hy@SectionHShift=\skip43
)
(/usr/share/texlive/texmf-dist/tex/latex/biblatex/biblatex.sty
Package: biblatex 2013/11/25 v2.8a programmable bibliographies (PK/JW/AB)

(/usr/share/texlive/texmf-dist/tex/latex/biblatex/biblatex1.sty
Package: biblatex1 2013/11/25 v2.8a programmable bibliographies (bibtex) (PK/JW
/AB)

(/usr/share/texlive/texmf-dist/tex/latex/etoolbox/etoolbox.sty
Package: etoolbox 2011/01/03 v2.1 e-TeX tools for LaTeX

(/usr/share/texlive/texmf-dist/tex/latex/etex-pkg/etex.sty
Package: etex 1998/03/26 v2.0 eTeX basic definition package (PEB)
\et@xins=\count100
)
\etb@tempcnta=\count101
)
(/usr/share/texlive/texmf-dist/tex/latex/logreq/logreq.sty
Package: logreq 2010/08/04 v1.0 xml request logger
\lrq@indent=\count102

(/usr/share/texlive/texmf-dist/tex/latex/logreq/logreq.def
File: logreq.def 2010/08/04 v1.0 logreq spec v1.0
))
(/usr/share/texlive/texmf-dist/tex/latex/base/ifthen.sty
Package: ifthen 2001/05/26 v1.1c Standard LaTeX ifthen package (DPC)
)
\c@tabx@nest=\count103
\c@listtotal=\count104
\c@listcount=\count105
\c@liststart=\count106
\c@liststop=\count107
\c@citecount=\count108
\c@citetotal=\count109
\c@multicitecount=\count110
\c@multicitetotal=\count111
\c@instcount=\count112
\c@maxnames=\count113
\c@minnames=\count114
\c@maxitems=\count115
\c@minitems=\count116
\c@citecounter=\count117
\c@savedcitecounter=\count118
\c@uniquelist=\count119
\c@uniquename=\count120
\c@refsection=\count121
\c@refsegment=\count122
\c@maxextrayear=\count123
\c@maxextraalpha=\count124
\c@abbrvpenalty=\count125
\c@highnamepenalty=\count126
\c@lownamepenalty=\count127
\c@maxparens=\count128
\c@parenlevel=\count129
\blx@tempcnta=\count130
\blx@tempcntb=\count131
\blx@tempcntc=\count132
\blx@maxsection=\count133
\blx@maxsegment=\count134
\blx@notetype=\count135
\blx@parenlevel@text=\count136
\blx@parenlevel@foot=\count137
\labelnumberwidth=\skip44
\labelalphawidth=\skip45
\shorthandwidth=\skip46
\biblabelsep=\skip47
\bibitemsep=\skip48
\bibnamesep=\skip49
\bibinitsep=\skip50
\bibparsep=\skip51
\bibhang=\skip52
\blx@auxin=\read1
\blx@auxout=\write3
\c@mincomprange=\count138
\c@maxcomprange=\count139
\c@mincompwidth=\count140
\c@labelname=\count141
\c@savedlabelname=\count142
\c@author=\count143
\c@savedauthor=\count144
\c@shortauthor=\count145
\c@savedshortauthor=\count146
\c@editor=\count147
\c@savededitor=\count148
\c@editora=\count149
\c@savededitora=\count150
\c@editorb=\count151
\c@savededitorb=\count152
\c@editorc=\count153
\c@savededitorc=\count154
\c@shorteditor=\count155
\c@savedshorteditor=\count156
\c@bookauthor=\count157
\c@savedbookauthor=\count158
\c@translator=\count159
\c@savedtranslator=\count160
\c@annotator=\count161
\c@savedannotator=\count162
\c@commentator=\count163
\c@savedcommentator=\count164
\c@introduction=\count165
\c@savedintroduction=\count166
\c@foreword=\count167
\c@savedforeword=\count168
\c@afterword=\count169
\c@savedafterword=\count170
\c@holder=\count171
\c@savedholder=\count172
\c@namea=\count173
\c@savednamea=\count174
\c@nameb=\count175
\c@savednameb=\count176
\c@namec=\count177
\c@savednamec=\count178
\c@institution=\count179
\c@savedinstitution=\count180
\c@language=\count181
\c@savedlanguage=\count182
\c@location=\count183
\c@savedlocation=\count184
\c@organization=\count185
\c@savedorganization=\count186
\c@origlocation=\count187
\c@savedoriglocation=\count188
\c@origpublisher=\count189
\c@savedorigpublisher=\count190
\c@pageref=\count191
\c@savedpageref=\count192
\c@publisher=\count193
\c@savedpublisher=\count194
\c@lista=\count195
\c@savedlista=\count196
\c@listb=\count197
\c@savedlistb=\count198
\c@listc=\count199
\c@savedlistc=\count200
\c@listd=\count201
\c@savedlistd=\count202
\c@liste=\count203
\c@savedliste=\count204
\c@listf=\count205
\c@savedlistf=\count206
Package biblatex Info: Trying to load compatibility code...
Package biblatex Info: ... file 'blx-compat.def' found.

(/usr/share/texlive/texmf-dist/tex/latex/biblatex/blx-compat.def
File: blx-compat.def 2013/11/25 v2.8a biblatex compatibility (PK/JW/AB)
)
Package biblatex Info: Trying to load generic definitions...
Package biblatex Info: ... file 'biblatex.def' found.

(/usr/share/texlive/texmf-dist/tex/latex/biblatex/biblatex.def
File: biblatex.def 
\c@textcitecount=\count207
\c@textcitetotal=\count208
\c@textcitemaxnames=\count209
\c@biburlnumpenalty=\count210
\c@biburlucpenalty=\count211
\c@biburllcpenalty=\count212
\c@smartand=\count213
)
Package biblatex Info: Trying to load bibliography style 'authoryear'...
Package biblatex Info: ... file 'authoryear.bbx' found.

(/usr/share/texlive/texmf-dist/tex/latex/biblatex/bbx/authoryear.bbx
File: authoryear.bbx 2013/11/25 v2.8a biblatex bibliography style (PK/JW/AB)
Package biblatex Info: Trying to load bibliography style 'standard'...
Package biblatex Info: ... file 'standard.bbx' found.

(/usr/share/texlive/texmf-dist/tex/latex/biblatex/bbx/standard.bbx
File: standard.bbx 2013/11/25 v2.8a biblatex bibliography style (PK/JW/AB)
\c@bbx:relatedcount=\count214
\c@bbx:relatedtotal=\count215
))
Package biblatex Info: Trying to load citation style 'authoryear'...
Package biblatex Info: ... file 'authoryear.cbx' found.

(/usr/share/texlive/texmf-dist/tex/latex/biblatex/cbx/authoryear.cbx
File: authoryear.cbx 2013/11/25 v2.8a biblatex citation style (PK/JW/AB)
Package biblatex Info: Redefining '\cite'.
Package biblatex Info: Redefining '\parencite'.
Package biblatex Info: Redefining '\footcite'.
Package biblatex Info: Redefining '\footcitetext'.
Package biblatex Info: Redefining '\smartcite'.
Package biblatex Info: Redefining '\textcite'.
Package biblatex Info: Redefining '\textcites'.
)
Package biblatex Info: Trying to load configuration file...
Package biblatex Info: ... file 'biblatex.cfg' found.

(/usr/share/texlive/texmf-dist/tex/latex/biblatex/biblatex.cfg
File: biblatex.cfg 
)))
(/usr/share/texlive/texmf-dist/tex/latex/graphics/graphicx.sty
Package: graphicx 1999/02/16 v1.0f Enhanced LaTeX Graphics (DPC,SPQR)

(/usr/share/texlive/texmf-dist/tex/latex/graphics/graphics.sty
Package: graphics 2009/02/05 v1.0o Standard LaTeX Graphics (DPC,SPQR)

(/usr/share/texlive/texmf-dist/tex/latex/graphics/trig.sty
Package: trig 1999/03/16 v1.09 sin cos tan (DPC)
)
(/usr/share/texlive/texmf-dist/tex/latex/latexconfig/graphics.cfg
File: graphics.cfg 2010/04/23 v1.9 graphics configuration of TeX Live
)
Package graphics Info: Driver file: pdftex.def on input line 91.

(/usr/share/texlive/texmf-dist/tex/latex/pdftex-def/pdftex.def
File: pdftex.def 2011/05/27 v0.06d Graphics/color for pdfTeX
\Gread@gobject=\count216
))
\Gin@req@height=\dimen115
\Gin@req@width=\dimen116
)
(/usr/share/texlive/texmf-dist/tex/latex/tools/afterpage.sty
Package: afterpage 1995/10/27 v1.08 After-Page Package (DPC)
\AP@output=\toks17
\AP@partial=\box26
\AP@footins=\box27
)
(/usr/share/texlive/texmf-dist/tex/latex/caption/caption.sty
Package: caption 2013/05/02 v3.3-89 Customizing captions (AR)

(/usr/share/texlive/texmf-dist/tex/latex/caption/caption3.sty
Package: caption3 2013/05/02 v1.6-88 caption3 kernel (AR)
Package caption3 Info: TeX engine: e-TeX on input line 57.
\captionmargin=\dimen117
\captionmargin@=\dimen118
\captionwidth=\dimen119
\caption@tempdima=\dimen120
\caption@indent=\dimen121
\caption@parindent=\dimen122
\caption@hangindent=\dimen123
)
\c@ContinuedFloat=\count217
Package caption Info: hyperref package is loaded.
)
(/usr/share/texlive/texmf-dist/tex/latex/float/float.sty
Package: float 2001/11/08 v1.3d Float enhancements (AL)
\c@float@type=\count218
\float@exts=\toks18
\float@box=\box28
\@float@everytoks=\toks19
\@floatcapt=\box29
)
(/usr/share/texlive/texmf-dist/tex/latex/chngcntr/chngcntr.sty
Package: chngcntr 2009/09/02 v1.0a change counter resetting
)
(/usr/share/texlive/texmf-dist/tex/latex/algorithms/algorithm.sty
Package: algorithm 2009/08/24 v0.1 Document Style `algorithm' - floating enviro
nment
\@float@every@algorithm=\toks20
\c@algorithm=\count219
)
(/usr/share/texlive/texmf-dist/tex/latex/algorithmicx/algpseudocode.sty
Package: algpseudocode 

(/usr/share/texlive/texmf-dist/tex/latex/algorithmicx/algorithmicx.sty
Package: algorithmicx 2005/04/27 v1.2 Algorithmicx

Document Style algorithmicx 1.2 - a greatly improved `algorithmic' style
\c@ALG@line=\count220
\c@ALG@rem=\count221
\c@ALG@nested=\count222
\ALG@tlm=\skip53
\ALG@thistlm=\skip54
\c@ALG@Lnr=\count223
\c@ALG@blocknr=\count224
\c@ALG@storecount=\count225
\c@ALG@tmpcounter=\count226
\ALG@tmplength=\skip55
)
Document Style - pseudocode environments for use with the `algorithmicx' style
) (/usr/share/texlive/texmf-dist/tex/latex/listing/listing.sty
Package: listing 1999/05/25

Package `listing', V1.2, <1999/05/25>
\c@listing=\count227
)
Package biblatex Info: Trying to load language 'english'...
Package biblatex Info: ... file 'english.lbx' found.
 (/usr/share/texlive/texmf-dist/tex/latex/biblatex/lbx/english.lbx
File: english.lbx 2013/11/25 v2.8a biblatex localization (PK/JW/AB)
)
\@quotelevel=\count228
\@quotereset=\count229

(./report.aux)
\openout1 = `report.aux'.

LaTeX Font Info:    Checking defaults for OML/cmm/m/it on input line 47.
LaTeX Font Info:    ... okay on input line 47.
LaTeX Font Info:    Checking defaults for T1/cmr/m/n on input line 47.
LaTeX Font Info:    ... okay on input line 47.
LaTeX Font Info:    Checking defaults for OT1/cmr/m/n on input line 47.
LaTeX Font Info:    ... okay on input line 47.
LaTeX Font Info:    Checking defaults for OMS/cmsy/m/n on input line 47.
LaTeX Font Info:    ... okay on input line 47.
LaTeX Font Info:    Checking defaults for OMX/cmex/m/n on input line 47.
LaTeX Font Info:    ... okay on input line 47.
LaTeX Font Info:    Checking defaults for U/cmr/m/n on input line 47.
LaTeX Font Info:    ... okay on input line 47.
LaTeX Font Info:    Checking defaults for PD1/pdf/m/n on input line 47.
LaTeX Font Info:    ... okay on input line 47.

*geometry* driver: auto-detecting
*geometry* detected driver: pdftex
*geometry* verbose mode - [ preamble ] result:
* driver: pdftex
* paper: <default>
* layout: <same size as paper>
* layoutoffset:(h,v)=(0.0pt,0.0pt)
* modes: 
* h-part:(L,W,R)=(79.6678pt, 454.9594pt, 79.6678pt)
* v-part:(T,H,B)=(79.6678pt, 635.63438pt, 79.6678pt)
* \paperwidth=614.295pt
* \paperheight=794.96999pt
* \textwidth=454.9594pt
* \textheight=635.63438pt
* \oddsidemargin=7.39781pt
* \evensidemargin=7.39781pt
* \topmargin=-29.60219pt
* \headheight=12.0pt
* \headsep=25.0pt
* \topskip=10.0pt
* \footskip=30.0pt
* \marginparwidth=65.0pt
* \marginparsep=11.0pt
* \columnsep=10.0pt
* \skip\footins=9.0pt plus 4.0pt minus 2.0pt
* \hoffset=0.0pt
* \voffset=0.0pt
* \mag=1000
* \@twocolumnfalse
* \@twosidefalse
* \@mparswitchfalse
* \@reversemarginfalse
* (1in=72.27pt=25.4mm, 1cm=28.453pt)

\AtBeginShipoutBox=\box30
Package hyperref Info: Link coloring OFF on input line 47.
(/usr/share/texlive/texmf-dist/tex/latex/hyperref/nameref.sty
Package: nameref 2012/10/27 v2.43 Cross-referencing by name of section

(/usr/share/texlive/texmf-dist/tex/generic/oberdiek/gettitlestring.sty
Package: gettitlestring 2010/12/03 v1.4 Cleanup title references (HO)
)
\c@section@level=\count230
)
LaTeX Info: Redefining \ref on input line 47.
LaTeX Info: Redefining \pageref on input line 47.
LaTeX Info: Redefining \nameref on input line 47.

(./report.out) (./report.out)
\@outlinefile=\write4
\openout4 = `report.out'.

Package biblatex Info: No input encoding detected.
(biblatex)             Assuming 'ascii'.
Package biblatex Info: Automatic encoding selection.
(biblatex)             Assuming data encoding 'ascii'.
\openout3 = `report-blx.bib'.

Package biblatex Info: Trying to load bibliographic data...
Package biblatex Info: ... file 'report.bbl' found.
 (./report.bbl)
Package biblatex Info: Reference section=0 on input line 47.
Package biblatex Info: Reference segment=0 on input line 47.

(/usr/share/texlive/texmf-dist/tex/context/base/supp-pdf.mkii
[Loading MPS to PDF converter (version 2006.09.02).]
\scratchcounter=\count231
\scratchdimen=\dimen124
\scratchbox=\box31
\nofMPsegments=\count232
\nofMParguments=\count233
\everyMPshowfont=\toks21
Normal \count register pool exhausted, switching to extended pool.
\MPscratchCnt=\count277
\MPscratchDim=\dimen125
\MPnumerator=\count278
\makeMPintoPDFobject=\count279
\everyMPtoPDFconversion=\toks22
) (/usr/share/texlive/texmf-dist/tex/latex/oberdiek/epstopdf-base.sty
Package: epstopdf-base 2010/02/09 v2.5 Base part for package epstopdf

(/usr/share/texlive/texmf-dist/tex/latex/oberdiek/grfext.sty
Package: grfext 2010/08/19 v1.1 Manage graphics extensions (HO)
)
Package grfext Info: Graphics extension search list:
(grfext)             [.png,.pdf,.jpg,.mps,.jpeg,.jbig2,.jb2,.PNG,.PDF,.JPG,.JPE
G,.JBIG2,.JB2,.eps]
(grfext)             \AppendGraphicsExtensions on input line 452.

(/usr/share/texlive/texmf-dist/tex/latex/latexconfig/epstopdf-sys.cfg
File: epstopdf-sys.cfg 2010/07/13 v1.3 Configuration of (r)epstopdf for TeX Liv
e
))
Package caption Info: Begin \AtBeginDocument code.
Package caption Info: float package is loaded.
Package caption Info: End \AtBeginDocument code.

<images/logo.png, id=277, 341.275pt x 341.275pt>
File: images/logo.png Graphic file (type png)
 <use images/logo.png>
Package pdftex.def Info: images/logo.png used on input line 66.
(pdftex.def)             Requested size: 227.47969pt x 227.48138pt.
LaTeX Font Info:    Try loading font information for U+msa on input line 73.

(/usr/share/texlive/texmf-dist/tex/latex/amsfonts/umsa.fd
File: umsa.fd 2013/01/14 v3.01 AMS symbols A
)
LaTeX Font Info:    Try loading font information for U+msb on input line 73.

(/usr/share/texlive/texmf-dist/tex/latex/amsfonts/umsb.fd
File: umsb.fd 2013/01/14 v3.01 AMS symbols B
) [1

{/var/lib/texmf/fonts/map/pdftex/updmap/pdftex.map} <./images/logo.png>] [0] [1
] [2] [3]
(./report.toc [4

])
\tf@toc=\write5
\openout5 = `report.toc'.

 [5]pdfTeX warning (ext4): destination with the same identifier (name{page.1}) 
has been already used, duplicate ignored
<to be read again> 
                   \relax 
l.180 
       [1

] [2] [3]
LaTeX Font Info:    Try loading font information for OMS+cmr on input line 252.

 (/usr/share/texlive/texmf-dist/tex/latex/base/omscmr.fd
File: omscmr.fd 1999/05/25 v2.5h Standard LaTeX font definitions
)
LaTeX Font Info:    Font shape `OMS/cmr/m/n' in size <10> not available
(Font)              Font shape `OMS/cmsy/m/n' tried instead on input line 252.

[4

] [5] [6] [7]

Package caption Warning: The option `hypcap=true' will be ignored for this
(caption)                particular \caption on input line 385.
See the caption package documentation for explanation.

[8] [9] [10] [11] [12] [13] [14

] [15] [16] [17]
Package hyperref Info: bookmark level for unknown algorithm defaults to 0 on in
put line 580.
 [18]

Package caption Warning: The option `hypcap=true' will be ignored for this
(caption)                particular \caption on input line 656.
See the caption package documentation for explanation.

[19] [20] [21] [22] [23] <figures/inbuilt.png, id=582, 482.80376pt x 401.5pt>
File: figures/inbuilt.png Graphic file (type png)

<use figures/inbuilt.png>
Package pdftex.def Info: figures/inbuilt.png used on input line 746.
(pdftex.def)             Requested size: 341.21954pt x 283.76819pt.
 [24

]
<figures/random.png, id=588, 506.89375pt x 403.5075pt>
File: figures/random.png Graphic file (type png)

<use figures/random.png>
Package pdftex.def Info: figures/random.png used on input line 758.
(pdftex.def)             Requested size: 341.21954pt x 271.62927pt.
 <figures/heuristic.png, id=589, 497.86pt x 405.515pt>
File: figures/heuristic.png Graphic file (type png)

<use figures/heuristic.png>
Package pdftex.def Info: figures/heuristic.png used on input line 764.
(pdftex.def)             Requested size: 341.21954pt x 277.93697pt.
 [25 <./figures/inbuilt.png>] [26 <./figures/random.png> <./figures/heuristic.p
ng>]
<figures/roRandom.png, id=604, 487.8225pt x 409.53pt>
File: figures/roRandom.png Graphic file (type png)

<use figures/roRandom.png>
Package pdftex.def Info: figures/roRandom.png used on input line 782.
(pdftex.def)             Requested size: 204.73033pt x 171.8702pt.

<figures/hoRandom.png, id=605, 506.89375pt x 403.5075pt>
File: figures/hoRandom.png Graphic file (type png)

<use figures/hoRandom.png>
Package pdftex.def Info: figures/hoRandom.png used on input line 788.
(pdftex.def)             Requested size: 204.73033pt x 162.97017pt.

<figures/roHeuristic.png, id=606, 502.87875pt x 400.49625pt>
File: figures/roHeuristic.png Graphic file (type png)

<use figures/roHeuristic.png>
Package pdftex.def Info: figures/roHeuristic.png used on input line 798.
(pdftex.def)             Requested size: 204.73033pt x 163.04341pt.

<figures/hoHeuristic.png, id=607, 497.86pt x 405.515pt>
File: figures/hoHeuristic.png Graphic file (type png)

<use figures/hoHeuristic.png>
Package pdftex.def Info: figures/hoHeuristic.png used on input line 804.
(pdftex.def)             Requested size: 204.73033pt x 166.75723pt.
 [27 <./figures/roRandom.png> <./figures/hoRandom.png>] <figures/roMCTS.png, id
=615, 499.8675pt x 401.5pt>
File: figures/roMCTS.png Graphic file (type png)

<use figures/roMCTS.png>
Package pdftex.def Info: figures/roMCTS.png used on input line 814.
(pdftex.def)             Requested size: 204.73033pt x 164.43839pt.

<figures/hoMCTS.png, id=616, 504.88625pt x 406.51875pt>
File: figures/hoMCTS.png Graphic file (type png)

<use figures/hoMCTS.png>
Package pdftex.def Info: figures/hoMCTS.png used on input line 820.
(pdftex.def)             Requested size: 204.73033pt x 164.84389pt.
 [28 <./figures/roHeuristic.png> <./figures/hoHeuristic.png> <./figures/roMCTS.
png> <./figures/hoMCTS.png>]
<figures/exploration1-3.png, id=629, 483.8075pt x 402.50375pt>
File: figures/exploration1-3.png Graphic file (type png)

<use figures/exploration1-3.png>
Package pdftex.def Info: figures/exploration1-3.png used on input line 842.
(pdftex.def)             Requested size: 204.73033pt x 170.3279pt.

<figures/exploration10.png, id=630, 498.86375pt x 401.5pt>
File: figures/exploration10.png Graphic file (type png)

<use figures/exploration10.png>
Package pdftex.def Info: figures/exploration10.png used on input line 848.
(pdftex.def)             Requested size: 204.73033pt x 164.76921pt.

<figures/exploration3.png, id=631, 498.86375pt x 401.5pt>
File: figures/exploration3.png Graphic file (type png)

<use figures/exploration3.png>
Package pdftex.def Info: figures/exploration3.png used on input line 855.
(pdftex.def)             Requested size: 341.21954pt x 274.62762pt.
 [29 <./figures/exploration1-3.png> <./figures/exploration10.png> <./figures/ex
ploration3.png>]
<figures/mcts100.png, id=644, 485.815pt x 403.5075pt>
File: figures/mcts100.png Graphic file (type png)

<use figures/mcts100.png>
Package pdftex.def Info: figures/mcts100.png used on input line 876.
(pdftex.def)             Requested size: 204.73033pt x 170.04459pt.

<figures/mcts1000.png, id=645, 504.88625pt x 406.51875pt>
File: figures/mcts1000.png Graphic file (type png)

<use figures/mcts1000.png>
Package pdftex.def Info: figures/mcts1000.png used on input line 882.
(pdftex.def)             Requested size: 204.73033pt x 164.84389pt.

<figures/mcts10000.png, id=646, 486.81876pt x 410.53375pt>
File: figures/mcts10000.png Graphic file (type png)

<use figures/mcts10000.png>
Package pdftex.def Info: figures/mcts10000.png used on input line 889.
(pdftex.def)             Requested size: 341.21954pt x 287.74751pt.
 [30 <./figures/mcts100.png> <./figures/mcts1000.png>] [31 <./figures/mcts10000
.png>]

Package caption Warning: The option `hypcap=true' will be ignored for this
(caption)                particular \caption on input line 934.
See the caption package documentation for explanation.


Package caption Warning: The option `hypcap=true' will be ignored for this
(caption)                particular \caption on input line 947.
See the caption package documentation for explanation.


Package caption Warning: The option `hypcap=true' will be ignored for this
(caption)                particular \caption on input line 973.
See the caption package documentation for explanation.

[32]

Package caption Warning: The option `hypcap=true' will be ignored for this
(caption)                particular \caption on input line 984.
See the caption package documentation for explanation.

[33] [34

] [35] [36

] [37] [38

]
Missing character: There is no â in font cmr10!
Missing character: There is no € in font cmr10!
Missing character: There is no ™ in font cmr10!
Missing character: There is no â in font cmr10!
Missing character: There is no € in font cmr10!
Missing character: There is no ™ in font cmr10!
Missing character: There is no â in font cmti10!
Missing character: There is no € in font cmti10!
Missing character: There is no ˜ in font cmti10!
Missing character: There is no â in font cmti10!
Missing character: There is no € in font cmti10!
Missing character: There is no ™ in font cmti10!
 [39

]
Package atveryend Info: Empty hook `BeforeClearDocument' on input line 1079.
 [40]
Package atveryend Info: Empty hook `AfterLastShipout' on input line 1079.
 (./report.aux)
Package atveryend Info: Executing hook `AtVeryEndDocument' on input line 1079.
Package atveryend Info: Executing hook `AtEndAfterFileList' on input line 1079.

Package rerunfilecheck Info: File `report.out' has not changed.
(rerunfilecheck)             Checksum: ACFCA63F95F2B5ED87719895FFBB787D;4897.
Package logreq Info: Writing requests to 'report.run.xml'.
\openout1 = `report.run.xml'.

Package atveryend Info: Empty hook `AtVeryVeryEnd' on input line 1079.
 ) 
Here is how much of TeX's memory you used:
 12919 strings out of 493304
 206471 string characters out of 6139870
 398419 words of memory out of 5000000
 16036 multiletter control sequences out of 15000+600000
 12625 words of font info for 49 fonts, out of 8000000 for 9000
 957 hyphenation exceptions out of 8191
 38i,7n,64p,1316b,1189s stack positions out of 5000i,500n,10000p,200000b,80000s
</usr/share/texlive/texmf-dist/fonts/type1/public/amsfonts/cm/cmbx10.pfb></us
r/share/texlive/texmf-dist/fonts/type1/public/amsfonts/cm/cmbx12.pfb></usr/shar
e/texlive/texmf-dist/fonts/type1/public/amsfonts/cm/cmcsc10.pfb></usr/share/tex
live/texmf-dist/fonts/type1/public/amsfonts/cm/cmex10.pfb></usr/share/texlive/t
exmf-dist/fonts/type1/public/amsfonts/cm/cmmi10.pfb></usr/share/texlive/texmf-d
ist/fonts/type1/public/amsfonts/cm/cmmi12.pfb></usr/share/texlive/texmf-dist/fo
nts/type1/public/amsfonts/cm/cmmi6.pfb></usr/share/texlive/texmf-dist/fonts/typ
e1/public/amsfonts/cm/cmmi7.pfb></usr/share/texlive/texmf-dist/fonts/type1/publ
ic/amsfonts/cm/cmmi8.pfb></usr/share/texlive/texmf-dist/fonts/type1/public/amsf
onts/cm/cmr10.pfb></usr/share/texlive/texmf-dist/fonts/type1/public/amsfonts/cm
/cmr12.pfb></usr/share/texlive/texmf-dist/fonts/type1/public/amsfonts/cm/cmr8.p
fb></usr/share/texlive/texmf-dist/fonts/type1/public/amsfonts/cm/cmsy10.pfb></u
sr/share/texlive/texmf-dist/fonts/type1/public/amsfonts/cm/cmti10.pfb></usr/sha
re/texlive/texmf-dist/fonts/type1/public/amsfonts/cm/cmtt10.pfb>
Output written on report.pdf (47 pages, 479749 bytes).
PDF statistics:
 813 PDF objects out of 1000 (max. 8388607)
 709 compressed objects within 8 object streams
 185 named destinations out of 1000 (max. 500000)
 625 words of extra memory for PDF output out of 10000 (max. 10000000)

