\BOOKMARK [1][-]{section.1}{Introduction}{}% 1
\BOOKMARK [2][-]{subsection.1.1}{Game Playing}{section.1}% 2
\BOOKMARK [2][-]{subsection.1.2}{Related Work}{section.1}% 3
\BOOKMARK [2][-]{subsection.1.3}{Aims}{section.1}% 4
\BOOKMARK [1][-]{section.2}{Background}{}% 5
\BOOKMARK [2][-]{subsection.2.1}{Catan}{section.2}% 6
\BOOKMARK [2][-]{subsection.2.2}{Rules of the Game}{section.2}% 7
\BOOKMARK [3][-]{subsubsection.2.2.1}{The Board and Playing Equipment}{subsection.2.2}% 8
\BOOKMARK [3][-]{subsubsection.2.2.2}{Beginning the Game}{subsection.2.2}% 9
\BOOKMARK [3][-]{subsubsection.2.2.3}{Regular Turn}{subsection.2.2}% 10
\BOOKMARK [3][-]{subsubsection.2.2.4}{Building}{subsection.2.2}% 11
\BOOKMARK [3][-]{subsubsection.2.2.5}{The Robber}{subsection.2.2}% 12
\BOOKMARK [3][-]{subsubsection.2.2.6}{Development Cards}{subsection.2.2}% 13
\BOOKMARK [3][-]{subsubsection.2.2.7}{Trading}{subsection.2.2}% 14
\BOOKMARK [3][-]{subsubsection.2.2.8}{Winning the Game}{subsection.2.2}% 15
\BOOKMARK [2][-]{subsection.2.3}{Catan Strategy}{section.2}% 16
\BOOKMARK [3][-]{subsubsection.2.3.1}{General Principles}{subsection.2.3}% 17
\BOOKMARK [3][-]{subsubsection.2.3.2}{Common Human Strategies}{subsection.2.3}% 18
\BOOKMARK [3][-]{subsubsection.2.3.3}{Opening Turn}{subsection.2.3}% 19
\BOOKMARK [3][-]{subsubsection.2.3.4}{Robber Strategy}{subsection.2.3}% 20
\BOOKMARK [3][-]{subsubsection.2.3.5}{Trading}{subsection.2.3}% 21
\BOOKMARK [2][-]{subsection.2.4}{Common AI Techniques for Game Playing}{section.2}% 22
\BOOKMARK [3][-]{subsubsection.2.4.1}{Minimax Search}{subsection.2.4}% 23
\BOOKMARK [3][-]{subsubsection.2.4.2}{Monte Carlo Tree Search}{subsection.2.4}% 24
\BOOKMARK [3][-]{subsubsection.2.4.3}{Expert Systems}{subsection.2.4}% 25
\BOOKMARK [3][-]{subsubsection.2.4.4}{Reinforcement Learning}{subsection.2.4}% 26
\BOOKMARK [3][-]{subsubsection.2.4.5}{Evolutionary Algorithms}{subsection.2.4}% 27
\BOOKMARK [2][-]{subsection.2.5}{JSettlers2}{section.2}% 28
\BOOKMARK [3][-]{subsubsection.2.5.1}{JSettlers2 Structure}{subsection.2.5}% 29
\BOOKMARK [1][-]{section.3}{Implementation and Development}{}% 30
\BOOKMARK [2][-]{subsection.3.1}{Overview and Plan}{section.3}% 31
\BOOKMARK [2][-]{subsection.3.2}{Interaction with API}{section.3}% 32
\BOOKMARK [2][-]{subsection.3.3}{Opening move generator}{section.3}% 33
\BOOKMARK [2][-]{subsection.3.4}{Move generator}{section.3}% 34
\BOOKMARK [2][-]{subsection.3.5}{Monte Carlo Tree Search}{section.3}% 35
\BOOKMARK [3][-]{subsubsection.3.5.1}{Handling Non-Determinism}{subsection.3.5}% 36
\BOOKMARK [3][-]{subsubsection.3.5.2}{UCT Formula}{subsection.3.5}% 37
\BOOKMARK [3][-]{subsubsection.3.5.3}{Application of expert knowledge}{subsection.3.5}% 38
\BOOKMARK [2][-]{subsection.3.6}{Simulator}{section.3}% 39
\BOOKMARK [3][-]{subsubsection.3.6.1}{Simulator Heuristics}{subsection.3.6}% 40
\BOOKMARK [3][-]{subsubsection.3.6.2}{Simulator Fidelity}{subsection.3.6}% 41
\BOOKMARK [3][-]{subsubsection.3.6.3}{Simulator Performance}{subsection.3.6}% 42
\BOOKMARK [2][-]{subsection.3.7}{Optimisation}{section.3}% 43
\BOOKMARK [1][-]{section.4}{Results}{}% 44
\BOOKMARK [2][-]{subsection.4.1}{Effects of Heuristic Opening Strategy}{section.4}% 45
\BOOKMARK [2][-]{subsection.4.2}{Effects of Adjustment of Simulation Count}{section.4}% 46
\BOOKMARK [2][-]{subsection.4.3}{Effects of Adjustment of UTC Exploration Parameter}{section.4}% 47
\BOOKMARK [2][-]{subsection.4.4}{Play against Humans}{section.4}% 48
\BOOKMARK [2][-]{subsection.4.5}{Qualitative analysis of Play}{section.4}% 49
\BOOKMARK [1][-]{section.5}{Evaluation}{}% 50
\BOOKMARK [2][-]{subsection.5.1}{Peformance}{section.5}% 51
\BOOKMARK [2][-]{subsection.5.2}{Comparison with Other Systems}{section.5}% 52
\BOOKMARK [2][-]{subsection.5.3}{Limitations and Issues}{section.5}% 53
\BOOKMARK [1][-]{section.6}{Conclusion}{}% 54
\BOOKMARK [2][-]{subsection.6.1}{Possible Future Work}{section.6}% 55
